2025-07-15T17:12:19.457+05:00  INFO 11580 --- [task] [restartedMain] com.example.task.TaskApplication         : Starting TaskApplication using Java 24.0.1 with PID 11580 (G:\tom\task\target\classes started by Acer in G:\tom\task)
2025-07-15T17:12:19.464+05:00 DEBUG 11580 --- [task] [restartedMain] com.example.task.TaskApplication         : Running with Spring Boot v3.5.3, Spring v6.2.8
2025-07-15T17:12:19.467+05:00  INFO 11580 --- [task] [restartedMain] com.example.task.TaskApplication         : No active profile set, falling back to 1 default profile: "default"
2025-07-15T17:12:19.698+05:00  INFO 11580 --- [task] [restartedMain] .e.DevToolsPropertyDefaultsPostProcessor : Devtools property defaults active! Set 'spring.devtools.add-properties' to 'false' to disable
2025-07-15T17:12:19.700+05:00  INFO 11580 --- [task] [restartedMain] .e.DevToolsPropertyDefaultsPostProcessor : For additional web related logging consider setting the 'logging.level.web' property to 'DEBUG'
2025-07-15T17:12:23.913+05:00  INFO 11580 --- [task] [restartedMain] .s.d.r.c.RepositoryConfigurationDelegate : Multiple Spring Data modules found, entering strict repository configuration mode
2025-07-15T17:12:23.919+05:00  INFO 11580 --- [task] [restartedMain] .s.d.r.c.RepositoryConfigurationDelegate : Bootstrapping Spring Data JDBC repositories in DEFAULT mode.
2025-07-15T17:12:24.062+05:00  INFO 11580 --- [task] [restartedMain] .RepositoryConfigurationExtensionSupport : Spring Data JDBC - Could not safely identify store assignment for repository candidate interface com.example.task.Repositoy.StudentRepository; If you want this repository to be a JDBC repository, consider annotating your entities with one of these annotations: org.springframework.data.relational.core.mapping.Table.
2025-07-15T17:12:24.067+05:00  INFO 11580 --- [task] [restartedMain] .RepositoryConfigurationExtensionSupport : Spring Data JDBC - Could not safely identify store assignment for repository candidate interface com.example.task.Repositoy.TeacherRepository; If you want this repository to be a JDBC repository, consider annotating your entities with one of these annotations: org.springframework.data.relational.core.mapping.Table.
2025-07-15T17:12:24.069+05:00  INFO 11580 --- [task] [restartedMain] .s.d.r.c.RepositoryConfigurationDelegate : Finished Spring Data repository scanning in 127 ms. Found 0 JDBC repository interfaces.
2025-07-15T17:12:24.103+05:00  INFO 11580 --- [task] [restartedMain] .s.d.r.c.RepositoryConfigurationDelegate : Multiple Spring Data modules found, entering strict repository configuration mode
2025-07-15T17:12:24.106+05:00  INFO 11580 --- [task] [restartedMain] .s.d.r.c.RepositoryConfigurationDelegate : Bootstrapping Spring Data JPA repositories in DEFAULT mode.
2025-07-15T17:12:24.266+05:00  INFO 11580 --- [task] [restartedMain] .s.d.r.c.RepositoryConfigurationDelegate : Finished Spring Data repository scanning in 142 ms. Found 2 JPA repository interfaces.
2025-07-15T17:12:26.361+05:00  INFO 11580 --- [task] [restartedMain] o.s.b.w.embedded.tomcat.TomcatWebServer  : Tomcat initialized with port 8080 (http)
2025-07-15T17:12:26.430+05:00  INFO 11580 --- [task] [restartedMain] o.apache.catalina.core.StandardService   : Starting service [Tomcat]
2025-07-15T17:12:26.430+05:00  INFO 11580 --- [task] [restartedMain] o.apache.catalina.core.StandardEngine    : Starting Servlet engine: [Apache Tomcat/10.1.42]
2025-07-15T17:12:26.630+05:00  INFO 11580 --- [task] [restartedMain] o.a.c.c.C.[Tomcat].[localhost].[/]       : Initializing Spring embedded WebApplicationContext
2025-07-15T17:12:26.631+05:00  INFO 11580 --- [task] [restartedMain] w.s.c.ServletWebServerApplicationContext : Root WebApplicationContext: initialization completed in 6929 ms
2025-07-15T17:12:27.763+05:00  INFO 11580 --- [task] [restartedMain] o.hibernate.jpa.internal.util.LogHelper  : HHH000204: Processing PersistenceUnitInfo [name: default]
2025-07-15T17:12:27.959+05:00  INFO 11580 --- [task] [restartedMain] org.hibernate.Version                    : HHH000412: Hibernate ORM core version 6.6.18.Final
2025-07-15T17:12:28.111+05:00  INFO 11580 --- [task] [restartedMain] o.h.c.internal.RegionFactoryInitiator    : HHH000026: Second-level cache disabled
2025-07-15T17:12:29.293+05:00  INFO 11580 --- [task] [restartedMain] o.s.o.j.p.SpringPersistenceUnitInfo      : No LoadTimeWeaver setup: ignoring JPA class transformer
2025-07-15T17:12:29.400+05:00  INFO 11580 --- [task] [restartedMain] com.zaxxer.hikari.HikariDataSource       : HikariPool-1 - Starting...
2025-07-15T17:12:31.309+05:00  INFO 11580 --- [task] [restartedMain] com.zaxxer.hikari.pool.HikariPool        : HikariPool-1 - Added connection com.mysql.cj.jdbc.ConnectionImpl@419871f3
2025-07-15T17:12:31.318+05:00  INFO 11580 --- [task] [restartedMain] com.zaxxer.hikari.HikariDataSource       : HikariPool-1 - Start completed.
2025-07-15T17:12:31.780+05:00  INFO 11580 --- [task] [restartedMain] org.hibernate.orm.connections.pooling    : HHH10001005: Database info:
	Database JDBC URL [Connecting through datasource 'HikariDataSource (HikariPool-1)']
	Database driver: undefined/unknown
	Database version: 8.0.42
	Autocommit mode: undefined/unknown
	Isolation level: undefined/unknown
	Minimum pool size: undefined/unknown
	Maximum pool size: undefined/unknown
2025-07-15T17:12:34.982+05:00  INFO 11580 --- [task] [restartedMain] o.h.e.t.j.p.i.JtaPlatformInitiator       : HHH000489: No JTA platform available (set 'hibernate.transaction.jta.platform' to enable JTA platform integration)
2025-07-15T17:12:35.330+05:00  INFO 11580 --- [task] [restartedMain] j.LocalContainerEntityManagerFactoryBean : Initialized JPA EntityManagerFactory for persistence unit 'default'
2025-07-15T17:12:36.237+05:00  WARN 11580 --- [task] [restartedMain] JpaBaseConfiguration$JpaWebConfiguration : spring.jpa.open-in-view is enabled by default. Therefore, database queries may be performed during view rendering. Explicitly configure spring.jpa.open-in-view to disable this warning
2025-07-15T17:12:38.515+05:00  INFO 11580 --- [task] [restartedMain] o.s.b.d.a.OptionalLiveReloadServer       : LiveReload server is running on port 35729
2025-07-15T17:12:38.553+05:00  INFO 11580 --- [task] [restartedMain] o.s.b.a.e.web.EndpointLinksResolver      : Exposing 14 endpoints beneath base path '/actuator'
2025-07-15T17:12:38.848+05:00  INFO 11580 --- [task] [restartedMain] o.s.b.w.embedded.tomcat.TomcatWebServer  : Tomcat started on port 8080 (http) with context path '/'
2025-07-15T17:12:38.908+05:00  INFO 11580 --- [task] [restartedMain] com.example.task.TaskApplication         : Started TaskApplication in 21.538 seconds (process running for 23.557)
2025-07-15T17:13:01.656+05:00  INFO 11580 --- [task] [http-nio-8080-exec-1] o.a.c.c.C.[Tomcat].[localhost].[/]       : Initializing Spring DispatcherServlet 'dispatcherServlet'
2025-07-15T17:13:01.657+05:00  INFO 11580 --- [task] [http-nio-8080-exec-1] o.s.web.servlet.DispatcherServlet        : Initializing Servlet 'dispatcherServlet'
2025-07-15T17:13:01.661+05:00  INFO 11580 --- [task] [http-nio-8080-exec-1] o.s.web.servlet.DispatcherServlet        : Completed initialization in 2 ms
2025-07-15T17:13:01.956+05:00 TRACE 11580 --- [task] [http-nio-8080-exec-1] c.e.task.Student.StudentController       : Entered deleteStudent() method with ID: 1
2025-07-15T17:13:01.957+05:00 DEBUG 11580 --- [task] [http-nio-8080-exec-1] c.e.task.Student.StudentController       : Checking existence of student with ID: 1
2025-07-15T17:13:03.884+05:00  WARN 11580 --- [task] [http-nio-8080-exec-1] c.e.task.Student.StudentController       : Student with ID 1 not found.
2025-07-15T17:31:55.343+05:00  INFO 11580 --- [task] [SpringApplicationShutdownHook] o.s.b.w.e.tomcat.GracefulShutdown        : Commencing graceful shutdown. Waiting for active requests to complete
2025-07-15T17:31:55.373+05:00  INFO 11580 --- [task] [tomcat-shutdown] o.s.b.w.e.tomcat.GracefulShutdown        : Graceful shutdown complete
2025-07-15T17:31:55.392+05:00  INFO 11580 --- [task] [SpringApplicationShutdownHook] j.LocalContainerEntityManagerFactoryBean : Closing JPA EntityManagerFactory for persistence unit 'default'
2025-07-15T17:31:55.402+05:00  INFO 11580 --- [task] [SpringApplicationShutdownHook] com.zaxxer.hikari.HikariDataSource       : HikariPool-1 - Shutdown initiated...
2025-07-15T17:31:55.433+05:00  INFO 11580 --- [task] [SpringApplicationShutdownHook] com.zaxxer.hikari.HikariDataSource       : HikariPool-1 - Shutdown completed.
2025-07-15T17:49:04.653+05:00  INFO 17236 --- [task] [restartedMain] .e.DevToolsPropertyDefaultsPostProcessor : Devtools property defaults active! Set 'spring.devtools.add-properties' to 'false' to disable
2025-07-15T17:49:04.658+05:00  INFO 17236 --- [task] [restartedMain] .e.DevToolsPropertyDefaultsPostProcessor : For additional web related logging consider setting the 'logging.level.web' property to 'DEBUG'
2025-07-15T17:49:10.359+05:00  INFO 17236 --- [task] [restartedMain] .s.d.r.c.RepositoryConfigurationDelegate : Multiple Spring Data modules found, entering strict repository configuration mode
2025-07-15T17:49:10.374+05:00  INFO 17236 --- [task] [restartedMain] .s.d.r.c.RepositoryConfigurationDelegate : Bootstrapping Spring Data JDBC repositories in DEFAULT mode.
2025-07-15T17:49:10.564+05:00  INFO 17236 --- [task] [restartedMain] .RepositoryConfigurationExtensionSupport : Spring Data JDBC - Could not safely identify store assignment for repository candidate interface com.example.task.Repositoy.StudentRepository; If you want this repository to be a JDBC repository, consider annotating your entities with one of these annotations: org.springframework.data.relational.core.mapping.Table.
2025-07-15T17:49:10.571+05:00  INFO 17236 --- [task] [restartedMain] .RepositoryConfigurationExtensionSupport : Spring Data JDBC - Could not safely identify store assignment for repository candidate interface com.example.task.Repositoy.TeacherRepository; If you want this repository to be a JDBC repository, consider annotating your entities with one of these annotations: org.springframework.data.relational.core.mapping.Table.
2025-07-15T17:49:10.574+05:00  INFO 17236 --- [task] [restartedMain] .s.d.r.c.RepositoryConfigurationDelegate : Finished Spring Data repository scanning in 162 ms. Found 0 JDBC repository interfaces.
2025-07-15T17:49:10.653+05:00  INFO 17236 --- [task] [restartedMain] .s.d.r.c.RepositoryConfigurationDelegate : Multiple Spring Data modules found, entering strict repository configuration mode
2025-07-15T17:49:10.656+05:00  INFO 17236 --- [task] [restartedMain] .s.d.r.c.RepositoryConfigurationDelegate : Bootstrapping Spring Data JPA repositories in DEFAULT mode.
2025-07-15T17:49:10.802+05:00  INFO 17236 --- [task] [restartedMain] .s.d.r.c.RepositoryConfigurationDelegate : Finished Spring Data repository scanning in 118 ms. Found 2 JPA repository interfaces.
2025-07-15T17:49:13.653+05:00  INFO 17236 --- [task] [restartedMain] o.s.b.w.embedded.tomcat.TomcatWebServer  : Tomcat initialized with port 8080 (http)
2025-07-15T17:49:13.794+05:00  INFO 17236 --- [task] [restartedMain] o.apache.catalina.core.StandardService   : Starting service [Tomcat]
2025-07-15T17:49:13.797+05:00  INFO 17236 --- [task] [restartedMain] o.apache.catalina.core.StandardEngine    : Starting Servlet engine: [Apache Tomcat/10.1.42]
2025-07-15T17:49:14.064+05:00  INFO 17236 --- [task] [restartedMain] o.a.c.c.C.[Tomcat].[localhost].[/]       : Initializing Spring embedded WebApplicationContext
2025-07-15T17:49:14.073+05:00  INFO 17236 --- [task] [restartedMain] w.s.c.ServletWebServerApplicationContext : Root WebApplicationContext: initialization completed in 9412 ms
2025-07-15T17:49:15.562+05:00  INFO 17236 --- [task] [restartedMain] o.hibernate.jpa.internal.util.LogHelper  : HHH000204: Processing PersistenceUnitInfo [name: default]
2025-07-15T17:49:15.772+05:00  INFO 17236 --- [task] [restartedMain] org.hibernate.Version                    : HHH000412: Hibernate ORM core version 6.6.18.Final
2025-07-15T17:49:15.925+05:00  INFO 17236 --- [task] [restartedMain] o.h.c.internal.RegionFactoryInitiator    : HHH000026: Second-level cache disabled
2025-07-15T17:49:17.302+05:00  INFO 17236 --- [task] [restartedMain] o.s.o.j.p.SpringPersistenceUnitInfo      : No LoadTimeWeaver setup: ignoring JPA class transformer
2025-07-15T17:49:17.440+05:00  INFO 17236 --- [task] [restartedMain] com.zaxxer.hikari.HikariDataSource       : HikariPool-1 - Starting...
2025-07-15T17:49:19.360+05:00  INFO 17236 --- [task] [restartedMain] com.zaxxer.hikari.pool.HikariPool        : HikariPool-1 - Added connection com.mysql.cj.jdbc.ConnectionImpl@65e4cb2e
2025-07-15T17:49:19.367+05:00  INFO 17236 --- [task] [restartedMain] com.zaxxer.hikari.HikariDataSource       : HikariPool-1 - Start completed.
2025-07-15T17:49:19.840+05:00  INFO 17236 --- [task] [restartedMain] org.hibernate.orm.connections.pooling    : HHH10001005: Database info:
	Database JDBC URL [Connecting through datasource 'HikariDataSource (HikariPool-1)']
	Database driver: undefined/unknown
	Database version: 8.0.42
	Autocommit mode: undefined/unknown
	Isolation level: undefined/unknown
	Minimum pool size: undefined/unknown
	Maximum pool size: undefined/unknown
2025-07-15T17:49:22.881+05:00  INFO 17236 --- [task] [restartedMain] o.h.e.t.j.p.i.JtaPlatformInitiator       : HHH000489: No JTA platform available (set 'hibernate.transaction.jta.platform' to enable JTA platform integration)
2025-07-15T17:49:23.249+05:00  INFO 17236 --- [task] [restartedMain] j.LocalContainerEntityManagerFactoryBean : Initialized JPA EntityManagerFactory for persistence unit 'default'
2025-07-15T17:49:24.265+05:00  WARN 17236 --- [task] [restartedMain] JpaBaseConfiguration$JpaWebConfiguration : spring.jpa.open-in-view is enabled by default. Therefore, database queries may be performed during view rendering. Explicitly configure spring.jpa.open-in-view to disable this warning
2025-07-15T17:49:28.001+05:00  INFO 17236 --- [task] [restartedMain] o.s.b.d.a.OptionalLiveReloadServer       : LiveReload server is running on port 35729
2025-07-15T17:49:28.037+05:00  INFO 17236 --- [task] [restartedMain] o.s.b.a.e.web.EndpointLinksResolver      : Exposing 14 endpoints beneath base path '/actuator'
2025-07-15T17:49:28.441+05:00  INFO 17236 --- [task] [restartedMain] o.s.b.w.embedded.tomcat.TomcatWebServer  : Tomcat started on port 8080 (http) with context path '/'
2025-07-15T17:50:31.062+05:00  INFO 17236 --- [task] [http-nio-8080-exec-1] o.a.c.c.C.[Tomcat].[localhost].[/]       : Initializing Spring DispatcherServlet 'dispatcherServlet'
2025-07-15T17:50:31.063+05:00  INFO 17236 --- [task] [http-nio-8080-exec-1] o.s.web.servlet.DispatcherServlet        : Initializing Servlet 'dispatcherServlet'
2025-07-15T17:50:31.068+05:00  INFO 17236 --- [task] [http-nio-8080-exec-1] o.s.web.servlet.DispatcherServlet        : Completed initialization in 1 ms
2025-07-15T17:51:53.393+05:00  WARN 17236 --- [task] [http-nio-8080-exec-4] c.e.task.Student.StudentController       : Student with ID 1 not found.
2025-07-15T17:52:03.978+05:00  INFO 17236 --- [task] [SpringApplicationShutdownHook] o.s.b.w.e.tomcat.GracefulShutdown        : Commencing graceful shutdown. Waiting for active requests to complete
2025-07-15T17:52:04.006+05:00  INFO 17236 --- [task] [tomcat-shutdown] o.s.b.w.e.tomcat.GracefulShutdown        : Graceful shutdown complete
2025-07-15T17:52:04.037+05:00  INFO 17236 --- [task] [SpringApplicationShutdownHook] j.LocalContainerEntityManagerFactoryBean : Closing JPA EntityManagerFactory for persistence unit 'default'
2025-07-15T17:52:04.058+05:00  INFO 17236 --- [task] [SpringApplicationShutdownHook] com.zaxxer.hikari.HikariDataSource       : HikariPool-1 - Shutdown initiated...
2025-07-15T17:52:04.090+05:00  INFO 17236 --- [task] [SpringApplicationShutdownHook] com.zaxxer.hikari.HikariDataSource       : HikariPool-1 - Shutdown completed.
2025-07-15T18:00:40.518+05:00  INFO 14964 --- [task] [restartedMain] com.example.task.TaskApplication         : Starting TaskApplication using Java 24.0.1 with PID 14964 (G:\tom\task\target\classes started by Acer in G:\tom\task)
2025-07-15T18:00:40.525+05:00 DEBUG 14964 --- [task] [restartedMain] com.example.task.TaskApplication         : Running with Spring Boot v3.5.3, Spring v6.2.8
2025-07-15T18:00:40.527+05:00  INFO 14964 --- [task] [restartedMain] com.example.task.TaskApplication         : No active profile set, falling back to 1 default profile: "default"
2025-07-15T18:00:40.729+05:00  INFO 14964 --- [task] [restartedMain] .e.DevToolsPropertyDefaultsPostProcessor : Devtools property defaults active! Set 'spring.devtools.add-properties' to 'false' to disable
2025-07-15T18:00:40.730+05:00  INFO 14964 --- [task] [restartedMain] .e.DevToolsPropertyDefaultsPostProcessor : For additional web related logging consider setting the 'logging.level.web' property to 'DEBUG'
2025-07-15T18:00:44.882+05:00  INFO 14964 --- [task] [restartedMain] .s.d.r.c.RepositoryConfigurationDelegate : Multiple Spring Data modules found, entering strict repository configuration mode
2025-07-15T18:00:44.887+05:00  INFO 14964 --- [task] [restartedMain] .s.d.r.c.RepositoryConfigurationDelegate : Bootstrapping Spring Data JDBC repositories in DEFAULT mode.
2025-07-15T18:00:45.018+05:00  INFO 14964 --- [task] [restartedMain] .RepositoryConfigurationExtensionSupport : Spring Data JDBC - Could not safely identify store assignment for repository candidate interface com.example.task.Repositoy.StudentRepository; If you want this repository to be a JDBC repository, consider annotating your entities with one of these annotations: org.springframework.data.relational.core.mapping.Table.
2025-07-15T18:00:45.023+05:00  INFO 14964 --- [task] [restartedMain] .RepositoryConfigurationExtensionSupport : Spring Data JDBC - Could not safely identify store assignment for repository candidate interface com.example.task.Repositoy.TeacherRepository; If you want this repository to be a JDBC repository, consider annotating your entities with one of these annotations: org.springframework.data.relational.core.mapping.Table.
2025-07-15T18:00:45.025+05:00  INFO 14964 --- [task] [restartedMain] .s.d.r.c.RepositoryConfigurationDelegate : Finished Spring Data repository scanning in 116 ms. Found 0 JDBC repository interfaces.
2025-07-15T18:00:45.060+05:00  INFO 14964 --- [task] [restartedMain] .s.d.r.c.RepositoryConfigurationDelegate : Multiple Spring Data modules found, entering strict repository configuration mode
2025-07-15T18:00:45.063+05:00  INFO 14964 --- [task] [restartedMain] .s.d.r.c.RepositoryConfigurationDelegate : Bootstrapping Spring Data JPA repositories in DEFAULT mode.
2025-07-15T18:00:45.237+05:00  INFO 14964 --- [task] [restartedMain] .s.d.r.c.RepositoryConfigurationDelegate : Finished Spring Data repository scanning in 153 ms. Found 2 JPA repository interfaces.
2025-07-15T18:00:47.304+05:00  INFO 14964 --- [task] [restartedMain] o.s.b.w.embedded.tomcat.TomcatWebServer  : Tomcat initialized with port 8080 (http)
2025-07-15T18:00:47.364+05:00  INFO 14964 --- [task] [restartedMain] o.apache.catalina.core.StandardService   : Starting service [Tomcat]
2025-07-15T18:00:47.365+05:00  INFO 14964 --- [task] [restartedMain] o.apache.catalina.core.StandardEngine    : Starting Servlet engine: [Apache Tomcat/10.1.42]
2025-07-15T18:00:47.617+05:00  INFO 14964 --- [task] [restartedMain] o.a.c.c.C.[Tomcat].[localhost].[/]       : Initializing Spring embedded WebApplicationContext
2025-07-15T18:00:47.621+05:00  INFO 14964 --- [task] [restartedMain] w.s.c.ServletWebServerApplicationContext : Root WebApplicationContext: initialization completed in 6888 ms
2025-07-15T18:00:48.802+05:00  INFO 14964 --- [task] [restartedMain] o.hibernate.jpa.internal.util.LogHelper  : HHH000204: Processing PersistenceUnitInfo [name: default]
2025-07-15T18:00:49.030+05:00  INFO 14964 --- [task] [restartedMain] org.hibernate.Version                    : HHH000412: Hibernate ORM core version 6.6.18.Final
2025-07-15T18:00:49.165+05:00  INFO 14964 --- [task] [restartedMain] o.h.c.internal.RegionFactoryInitiator    : HHH000026: Second-level cache disabled
2025-07-15T18:00:50.538+05:00  INFO 14964 --- [task] [restartedMain] o.s.o.j.p.SpringPersistenceUnitInfo      : No LoadTimeWeaver setup: ignoring JPA class transformer
2025-07-15T18:00:50.669+05:00  INFO 14964 --- [task] [restartedMain] com.zaxxer.hikari.HikariDataSource       : HikariPool-1 - Starting...
2025-07-15T18:00:52.545+05:00  INFO 14964 --- [task] [restartedMain] com.zaxxer.hikari.pool.HikariPool        : HikariPool-1 - Added connection com.mysql.cj.jdbc.ConnectionImpl@50cb45ac
2025-07-15T18:00:52.551+05:00  INFO 14964 --- [task] [restartedMain] com.zaxxer.hikari.HikariDataSource       : HikariPool-1 - Start completed.
2025-07-15T18:00:52.986+05:00  INFO 14964 --- [task] [restartedMain] org.hibernate.orm.connections.pooling    : HHH10001005: Database info:
	Database JDBC URL [Connecting through datasource 'HikariDataSource (HikariPool-1)']
	Database driver: undefined/unknown
	Database version: 8.0.42
	Autocommit mode: undefined/unknown
	Isolation level: undefined/unknown
	Minimum pool size: undefined/unknown
	Maximum pool size: undefined/unknown
2025-07-15T18:00:55.881+05:00  INFO 14964 --- [task] [restartedMain] o.h.e.t.j.p.i.JtaPlatformInitiator       : HHH000489: No JTA platform available (set 'hibernate.transaction.jta.platform' to enable JTA platform integration)
2025-07-15T18:00:56.330+05:00  INFO 14964 --- [task] [restartedMain] j.LocalContainerEntityManagerFactoryBean : Initialized JPA EntityManagerFactory for persistence unit 'default'
2025-07-15T18:00:57.363+05:00  WARN 14964 --- [task] [restartedMain] JpaBaseConfiguration$JpaWebConfiguration : spring.jpa.open-in-view is enabled by default. Therefore, database queries may be performed during view rendering. Explicitly configure spring.jpa.open-in-view to disable this warning
2025-07-15T18:00:59.625+05:00  INFO 14964 --- [task] [restartedMain] o.s.b.d.a.OptionalLiveReloadServer       : LiveReload server is running on port 35729
2025-07-15T18:00:59.660+05:00  INFO 14964 --- [task] [restartedMain] o.s.b.a.e.web.EndpointLinksResolver      : Exposing 14 endpoints beneath base path '/actuator'
2025-07-15T18:00:59.951+05:00  INFO 14964 --- [task] [restartedMain] o.s.b.w.embedded.tomcat.TomcatWebServer  : Tomcat started on port 8080 (http) with context path '/'
2025-07-15T18:01:00.013+05:00  INFO 14964 --- [task] [restartedMain] com.example.task.TaskApplication         : Started TaskApplication in 21.586 seconds (process running for 23.737)
2025-07-15T18:01:53.143+05:00  INFO 14964 --- [task] [http-nio-8080-exec-1] o.a.c.c.C.[Tomcat].[localhost].[/]       : Initializing Spring DispatcherServlet 'dispatcherServlet'
2025-07-15T18:01:53.144+05:00  INFO 14964 --- [task] [http-nio-8080-exec-1] o.s.web.servlet.DispatcherServlet        : Initializing Servlet 'dispatcherServlet'
2025-07-15T18:01:53.152+05:00  INFO 14964 --- [task] [http-nio-8080-exec-1] o.s.web.servlet.DispatcherServlet        : Completed initialization in 7 ms
2025-07-15T18:01:53.497+05:00  WARN 14964 --- [task] [http-nio-8080-exec-1] .w.s.m.s.DefaultHandlerExceptionResolver : Resolved [org.springframework.web.method.annotation.MethodArgumentTypeMismatchException: Method parameter 'id': Failed to convert value of type 'java.lang.String' to required type 'int'; For input string: "actuators"]
2025-07-15T18:02:04.484+05:00  WARN 14964 --- [task] [http-nio-8080-exec-2] .w.s.m.s.DefaultHandlerExceptionResolver : Resolved [org.springframework.web.method.annotation.MethodArgumentTypeMismatchException: Method parameter 'id': Failed to convert value of type 'java.lang.String' to required type 'int'; For input string: "actuators"]
2025-07-15T18:02:07.370+05:00  WARN 14964 --- [task] [http-nio-8080-exec-3] .w.s.m.s.DefaultHandlerExceptionResolver : Resolved [org.springframework.web.method.annotation.MethodArgumentTypeMismatchException: Method parameter 'id': Failed to convert value of type 'java.lang.String' to required type 'int'; For input string: "actuator"]
2025-07-15T18:02:16.804+05:00  WARN 14964 --- [task] [http-nio-8080-exec-4] .w.s.m.s.DefaultHandlerExceptionResolver : Resolved [org.springframework.web.method.annotation.MethodArgumentTypeMismatchException: Method parameter 'id': Failed to convert value of type 'java.lang.String' to required type 'int'; For input string: "'actuator'"]
2025-07-15T18:12:09.988+05:00  INFO 14964 --- [task] [SpringApplicationShutdownHook] o.s.b.w.e.tomcat.GracefulShutdown        : Commencing graceful shutdown. Waiting for active requests to complete
2025-07-15T18:12:10.018+05:00  INFO 14964 --- [task] [tomcat-shutdown] o.s.b.w.e.tomcat.GracefulShutdown        : Graceful shutdown complete
2025-07-15T18:12:10.034+05:00  INFO 14964 --- [task] [SpringApplicationShutdownHook] j.LocalContainerEntityManagerFactoryBean : Closing JPA EntityManagerFactory for persistence unit 'default'
2025-07-15T18:12:10.082+05:00  INFO 14964 --- [task] [SpringApplicationShutdownHook] com.zaxxer.hikari.HikariDataSource       : HikariPool-1 - Shutdown initiated...
2025-07-15T18:12:10.122+05:00  INFO 14964 --- [task] [SpringApplicationShutdownHook] com.zaxxer.hikari.HikariDataSource       : HikariPool-1 - Shutdown completed.
